+ as kern/entry.S
+ cc kern/init.c
+ cc kern/console.c
+ cc kern/monitor.c
+ cc kern/pmap.c
+ cc kern/env.c
+ cc kern/kclock.c
+ cc kern/picirq.c
+ cc kern/printf.c
+ cc kern/trap.c
+ as kern/trapentry.S
+ cc kern/sched.c
+ cc kern/syscall.c
+ cc kern/kdebug.c
+ cc lib/printfmt.c
+ cc lib/readline.c
+ cc lib/string.c
+ cc[USER] lib/console.c
+ cc[USER] lib/libmain.c
+ cc[USER] lib/exit.c
+ cc[USER] lib/panic.c
+ cc[USER] lib/printf.c
+ cc[USER] lib/printfmt.c
+ cc[USER] lib/readline.c
+ cc[USER] lib/string.c
+ cc[USER] lib/syscall.c
+ cc[USER] lib/pgfault.c
+ as[USER] lib/pfentry.S
+ cc[USER] lib/fork.c
+ cc[USER] lib/ipc.c
+ cc[USER] lib/fd.c
+ cc[USER] lib/file.c
+ cc[USER] lib/fprintf.c
+ cc[USER] lib/pageref.c
+ cc[USER] lib/spawn.c
+ ar obj/lib/libjos.a
+ cc[USER] user/idle.c
+ as[USER] lib/entry.S
+ ld obj/user/idle
+ cc[USER] user/forktree.c
+ ld obj/user/forktree
+ cc[USER] user/pingpong.c
+ ld obj/user/pingpong
+ cc[USER] user/primes.c
+ ld obj/user/primes
+ cc[USER] user/testfile.c
+ ld obj/user/testfile
+ cc[USER] user/writemotd.c
+ ld obj/user/writemotd
+ cc[USER] user/icode.c
+ ld obj/user/icode
+ cc[USER] user/hello.c
+ ld obj/user/hello
+ cc[USER] fs/ide.c
+ cc[USER] fs/bc.c
+ cc[USER] fs/fs.c
+ cc[USER] fs/serv.c
+ cc[USER] fs/test.c
+ ld obj/fs/fs
+ ld obj/kern/kernel
+ as boot/boot.S
+ cc -Os boot/main.c
+ ld boot/boot
+ mk obj/kern/kernel.img
+ mk obj/fs/fsformat
+ cc[USER] user/init.c
+ ld obj/user/init
+ mk obj/fs/clean-fs.img
+ cp obj/fs/clean-fs.img obj/fs/fs.img
